<?xml version="1.0" encoding="UTF-8"?>
<!-- Generated by org.testng.reporters.JUnitXMLReporter -->
<testsuite ignored="0" hostname="DESKTOP-D7C4IFU" failures="1" tests="2" name="Test-3" time="17.992" errors="0" timestamp="2020-07-08T05:06:37 IST">
  <testcase classname="DevopsInt.EME.EME_homePage" name="pageChecks" time="0.766">
    <failure type="junit.framework.ComparisonFailure" message="expected:&amp;lt;......&amp;gt; but was:&amp;lt;...we...&amp;gt;">
      <![CDATA[junit.framework.ComparisonFailure: expected:<......> but was:<...we...>
at junit.framework.Assert.assertEquals(Assert.java:81)
at junit.framework.Assert.assertEquals(Assert.java:87)
at DevopsInt.EME.EME_homePage.pageChecks(EME_homePage.java:38)
at java.base/java.util.ArrayList.forEach(ArrayList.java:1540)
at java.base/java.util.concurrent.FutureTask.run(FutureTask.java:264)
at java.base/java.util.concurrent.ThreadPoolExecutor.runWorker(ThreadPoolExecutor.java:1128)
at java.base/java.util.concurrent.ThreadPoolExecutor$Worker.run(ThreadPoolExecutor.java:628)
at java.base/java.lang.Thread.run(Thread.java:834)
... Removed 18 stack frames]]>
    </failure>
  </testcase> <!-- pageChecks -->
  <testcase classname="DevopsInt.EME.EME_homePage_1" name="pageChecks_1" time="5.643"/>
</testsuite> <!-- Test-3 -->
