<?xml version="1.0" encoding="UTF-8"?>
<!-- Generated by org.testng.reporters.JUnitXMLReporter -->
<testsuite ignored="0" hostname="DESKTOP-D7C4IFU" failures="0" tests="1" name="Test-2" time="20.944" errors="0" timestamp="2020-10-09T00:22:21 IST">
  <testcase classname="cucumber.api.testng.AbstractTestNGCucumberTests" name="feature" time="19.851"/>
</testsuite> <!-- Test-2 -->
