<?xml version="1.0" encoding="UTF-8"?>
<!-- Generated by org.testng.reporters.JUnitReportReporter -->
<testsuite hostname="DESKTOP-D7C4IFU" failures="0" tests="1" name="EMERunners.TestRunners" time="19.851" errors="0" timestamp="2020-10-09T00:22:23 IST" skipped="0">
  <testcase classname="EMERunners.TestRunners" name="feature" time="19.851"/>
  <system-out/>
</testsuite> <!-- EMERunners.TestRunners -->
