<?xml version="1.0" encoding="UTF-8"?>
<!-- Generated by org.testng.reporters.JUnitReportReporter -->
<testsuite hostname="DESKTOP-D7C4IFU" failures="0" tests="2" name="DevopsInt.EME.EME_loginPage" time="69.935" errors="0" timestamp="2020-07-29T03:55:24 IST" skipped="0">
  <testcase classname="DevopsInt.EME.EME_loginPage" name="invalidPassword" time="47.160"/>
  <system-out/>
  <testcase classname="DevopsInt.EME.EME_loginPage" name="invalidUsername" time="22.775"/>
  <system-out/>
</testsuite> <!-- DevopsInt.EME.EME_loginPage -->
