<?xml version="1.0" encoding="UTF-8"?>
<!-- Generated by org.testng.reporters.JUnitReportReporter -->
<testsuite hostname="DESKTOP-D7C4IFU" failures="0" tests="4" name="DevopsInt.EME.EME_homePage" time="6.053" errors="0" timestamp="2020-07-26T20:03:57 IST" skipped="0">
  <testcase classname="DevopsInt.EME.EME_homePage" name="EME_landingPageChecks" time="1.480"/>
  <system-out/>
  <testcase classname="DevopsInt.EME.EME_homePage" name="EME_quickScan" time="3.040"/>
  <system-out/>
  <testcase classname="DevopsInt.EME.EME_homePage" name="EME_ResourcePassport" time="0.709"/>
  <system-out/>
  <testcase classname="DevopsInt.EME.EME_homePage" name="EME_InternalMrktplce" time="0.824"/>
  <system-out/>
</testsuite> <!-- DevopsInt.EME.EME_homePage -->
