<?xml version="1.0" encoding="UTF-8"?>
<!-- Generated by org.testng.reporters.JUnitReportReporter -->
<testsuite hostname="DESKTOP-D7C4IFU" failures="0" tests="2" name="DevopsInt.EME.EME_loginFlow" time="24.126" errors="0" timestamp="2020-08-06T03:17:50 IST" skipped="0">
  <testcase classname="DevopsInt.EME.EME_loginFlow" name="EME_wishList" time="21.069"/>
  <system-out/>
  <testcase classname="DevopsInt.EME.EME_loginFlow" name="EME_Login" time="3.057"/>
  <system-out/>
</testsuite> <!-- DevopsInt.EME.EME_loginFlow -->
